# JRE version: 7.0_17-b02
# Java VM: Java HotSpot(TM) Server VM (23.7-b01 mixed mode windows-x86 )
Heap
 PSYoungGen      total 136512K, used 5335K [0x489d0000, 0x51470000, 0x5df20000)
  eden space 131072K, 4% used [0x489d0000,0x48f05ea8,0x509d0000)
  from space 5440K, 0% used [0x509d0000,0x509d0000,0x50f20000)
  to   space 5440K, 0% used [0x50f20000,0x50f20000,0x51470000)
 ParOldGen       total 87424K, used 28864K [0x1df20000, 0x23480000, 0x489d0000)
  object space 87424K, 33% used [0x1df20000,0x1fb50208,0x23480000)
 PSPermGen       total 34432K, used 32282K [0x19f20000, 0x1c0c0000, 0x1df20000)
  object space 34432K, 93% used [0x19f20000,0x1bea6900,0x1c0c0000)
GC Heap History (10 events):
Event: 21.261 GC heap before
{Heap before GC invocations=58 (full 27):
 PSYoungGen      total 136512K, used 519K [0x489d0000, 0x51470000, 0x5df20000)
  eden space 131072K, 0% used [0x489d0000,0x489d0000,0x509d0000)
  from space 5440K, 9% used [0x509d0000,0x50a51e18,0x50f20000)
  to   space 5440K, 0% used [0x50f20000,0x50f20000,0x51470000)
 ParOldGen       total 87424K, used 30442K [0x1df20000, 0x23480000, 0x489d0000)
  object space 87424K, 34% used [0x1df20000,0x1fcda8a0,0x23480000)
 PSPermGen       total 35200K, used 32241K [0x19f20000, 0x1c180000, 0x1df20000)
  object space 35200K, 91% used [0x19f20000,0x1be9c760,0x1c180000)
Event: 21.369 GC heap after
Heap after GC invocations=58 (full 27):
 PSYoungGen      total 136512K, used 0K [0x489d0000, 0x51470000, 0x5df20000)
  eden space 131072K, 0% used [0x489d0000,0x489d0000,0x509d0000)
  from space 5440K, 0% used [0x509d0000,0x509d0000,0x50f20000)
  to   space 5440K, 0% used [0x50f20000,0x50f20000,0x51470000)
 ParOldGen       total 87424K, used 29164K [0x1df20000, 0x23480000, 0x489d0000)
  object space 87424K, 33% used [0x1df20000,0x1fb9b128,0x23480000)
 PSPermGen       total 34944K, used 32241K [0x19f20000, 0x1c140000, 0x1df20000)
  object space 34944K, 92% used [0x19f20000,0x1be9c6e0,0x1c140000)
}
Event: 21.722 GC heap before
{Heap before GC invocations=59 (full 27):
 PSYoungGen      total 136512K, used 9273K [0x489d0000, 0x51470000, 0x5df20000)
  eden space 131072K, 7% used [0x489d0000,0x492de6a8,0x509d0000)
  from space 5440K, 0% used [0x509d0000,0x509d0000,0x50f20000)
  to   space 5440K, 0% used [0x50f20000,0x50f20000,0x51470000)
 ParOldGen       total 87424K, used 29164K [0x1df20000, 0x23480000, 0x489d0000)
  object space 87424K, 33% used [0x1df20000,0x1fb9b128,0x23480000)
 PSPermGen       total 34944K, used 32258K [0x19f20000, 0x1c140000, 0x1df20000)
  object space 34944K, 92% used [0x19f20000,0x1bea0898,0x1c140000)
Event: 21.726 GC heap after
Heap after GC invocations=59 (full 27):
 PSYoungGen      total 136512K, used 512K [0x489d0000, 0x51470000, 0x5df20000)
  eden space 131072K, 0% used [0x489d0000,0x489d0000,0x509d0000)
  from space 5440K, 9% used [0x50f20000,0x50fa0000,0x51470000)
  to   space 5440K, 0% used [0x509d0000,0x509d0000,0x50f20000)
 ParOldGen       total 87424K, used 29164K [0x1df20000, 0x23480000, 0x489d0000)
  object space 87424K, 33% used [0x1df20000,0x1fb9b128,0x23480000)
 PSPermGen       total 34944K, used 32258K [0x19f20000, 0x1c140000, 0x1df20000)
  object space 34944K, 92% used [0x19f20000,0x1bea0898,0x1c140000)
}
Event: 21.726 GC heap before
{Heap before GC invocations=60 (full 28):
 PSYoungGen      total 136512K, used 512K [0x489d0000, 0x51470000, 0x5df20000)
  eden space 131072K, 0% used [0x489d0000,0x489d0000,0x509d0000)
  from space 5440K, 9% used [0x50f20000,0x50fa0000,0x51470000)
  to   space 5440K, 0% used [0x509d0000,0x509d0000,0x50f20000)
 ParOldGen       total 87424K, used 29164K [0x1df20000, 0x23480000, 0x489d0000)
  object space 87424K, 33% used [0x1df20000,0x1fb9b128,0x23480000)
 PSPermGen       total 34944K, used 32258K [0x19f20000, 0x1c140000, 0x1df20000)
  object space 34944K, 92% used [0x19f20000,0x1bea0898,0x1c140000)
Event: 79.925 GC heap after
Heap after GC invocations=60 (full 28):
 PSYoungGen      total 136512K, used 0K [0x489d0000, 0x51470000, 0x5df20000)
  eden space 131072K, 0% used [0x489d0000,0x489d0000,0x509d0000)
  from space 5440K, 0% used [0x50f20000,0x50f20000,0x51470000)
  to   space 5440K, 0% used [0x509d0000,0x509d0000,0x50f20000)
 ParOldGen       total 87424K, used 28961K [0x1df20000, 0x23480000, 0x489d0000)
  object space 87424K, 33% used [0x1df20000,0x1fb68530,0x23480000)
 PSPermGen       total 34688K, used 32258K [0x19f20000, 0x1c100000, 0x1df20000)
  object space 34688K, 92% used [0x19f20000,0x1bea0838,0x1c100000)
}
Event: 82.093 GC heap before
{Heap before GC invocations=61 (full 28):
 PSYoungGen      total 136512K, used 9969K [0x489d0000, 0x51470000, 0x5df20000)
  eden space 131072K, 7% used [0x489d0000,0x4938c5d0,0x509d0000)
  from space 5440K, 0% used [0x50f20000,0x50f20000,0x51470000)
  to   space 5440K, 0% used [0x509d0000,0x509d0000,0x50f20000)
 ParOldGen       total 87424K, used 28961K [0x1df20000, 0x23480000, 0x489d0000)
  object space 87424K, 33% used [0x1df20000,0x1fb68530,0x23480000)
 PSPermGen       total 34688K, used 32273K [0x19f20000, 0x1c100000, 0x1df20000)
  object space 34688K, 93% used [0x19f20000,0x1bea4670,0x1c100000)
Event: 82.097 GC heap after
Heap after GC invocations=61 (full 28):
 PSYoungGen      total 136512K, used 466K [0x489d0000, 0x51470000, 0x5df20000)
  eden space 131072K, 0% used [0x489d0000,0x489d0000,0x509d0000)
  from space 5440K, 8% used [0x509d0000,0x50a44800,0x50f20000)
  to   space 5440K, 0% used [0x50f20000,0x50f20000,0x51470000)
 ParOldGen       total 87424K, used 28961K [0x1df20000, 0x23480000, 0x489d0000)
  object space 87424K, 33% used [0x1df20000,0x1fb68530,0x23480000)
 PSPermGen       total 34688K, used 32273K [0x19f20000, 0x1c100000, 0x1df20000)
  object space 34688K, 93% used [0x19f20000,0x1bea4670,0x1c100000)
}
Event: 82.097 GC heap before
{Heap before GC invocations=62 (full 29):
 PSYoungGen      total 136512K, used 466K [0x489d0000, 0x51470000, 0x5df20000)
  eden space 131072K, 0% used [0x489d0000,0x489d0000,0x509d0000)
  from space 5440K, 8% used [0x509d0000,0x50a44800,0x50f20000)
  to   space 5440K, 0% used [0x50f20000,0x50f20000,0x51470000)
 ParOldGen       total 87424K, used 28961K [0x1df20000, 0x23480000, 0x489d0000)
  object space 87424K, 33% used [0x1df20000,0x1fb68530,0x23480000)
 PSPermGen       total 34688K, used 32273K [0x19f20000, 0x1c100000, 0x1df20000)
  object space 34688K, 93% used [0x19f20000,0x1bea4670,0x1c100000)
Event: 82.278 GC heap after
Heap after GC invocations=62 (full 29):
 PSYoungGen      total 136512K, used 0K [0x489d0000, 0x51470000, 0x5df20000)
  eden space 131072K, 0% used [0x489d0000,0x489d0000,0x509d0000)
  from space 5440K, 0% used [0x509d0000,0x509d0000,0x50f20000)
  to   space 5440K, 0% used [0x50f20000,0x50f20000,0x51470000)
 ParOldGen       total 87424K, used 28864K [0x1df20000, 0x23480000, 0x489d0000)
  object space 87424K, 33% used [0x1df20000,0x1fb50208,0x23480000)
 PSPermGen       total 34432K, used 32273K [0x19f20000, 0x1c0c0000, 0x1df20000)
  object space 34432K, 93% used [0x19f20000,0x1bea4670,0x1c0c0000)
}

